<?xml version="1.0" encoding="UTF-8"?>
<!-- Generated by org.testng.reporters.JUnitReportReporter -->
<testsuite skipped="0" hostname="DESKTOP-T4CKETO" name="BasicTestNGAnnotations.PersonalChat" tests="3" failures="0" timestamp="2019-10-19T12:28:34 IST" time="0.027" errors="0">
  <testcase name="test1" time="0.009" classname="BasicTestNGAnnotations.PersonalChat"/>
  <testcase name="test2" time="0.010" classname="BasicTestNGAnnotations.PersonalChat"/>
  <testcase name="test3" time="0.008" classname="BasicTestNGAnnotations.PersonalChat"/>
</testsuite> <!-- BasicTestNGAnnotations.PersonalChat -->
